TN:
SF:app\page.tsx
FN:8,HomePage
FNF:1
FNH:0
FNDA:0,HomePage
DA:9,0
LF:1
LH:0
BRF:0
BRH:0
end_of_record
TN:
SF:app\api\auth\[...nextauth]\route.js
FNF:0
FNH:0
DA:3,0
LF:1
LH:0
BRF:0
BRH:0
end_of_record
TN:
SF:app\api\auth\check-user-status\route.js
FN:4,POST
FNF:1
FNH:0
FNDA:0,POST
DA:5,0
DA:6,0
DA:8,0
DA:9,0
DA:15,0
DA:21,0
DA:22,0
DA:27,0
DA:34,0
DA:35,0
LF:10
LH:0
BRDA:8,0,0,0
BRDA:8,0,1,0
BRDA:21,1,0,0
BRDA:21,1,1,0
BRF:4
BRH:0
end_of_record
TN:
SF:app\api\auth\register\route.js
FN:5,POST
FNF:1
FNH:0
FNDA:0,POST
DA:6,0
DA:7,0
DA:9,0
DA:10,0
DA:14,0
DA:19,0
DA:20,0
DA:24,0
DA:25,0
DA:28,0
DA:34,0
DA:45,0
DA:46,0
LF:13
LH:0
BRDA:9,0,0,0
BRDA:9,0,1,0
BRDA:9,1,0,0
BRDA:9,1,1,0
BRDA:9,1,2,0
BRDA:9,1,3,0
BRDA:19,2,0,0
BRDA:19,2,1,0
BRF:8
BRH:0
end_of_record
TN:
SF:app\api\debug\users\route.js
FNF:0
FNH:0
LF:0
LH:0
BRF:0
BRH:0
end_of_record
TN:
SF:app\dashboard\alerts\loading.tsx
FN:1,Loading
FNF:1
FNH:0
FNDA:0,Loading
DA:2,0
LF:1
LH:0
BRF:0
BRH:0
end_of_record
TN:
SF:app\dashboard\cells\loading.tsx
FN:1,Loading
FNF:1
FNH:0
FNDA:0,Loading
DA:2,0
LF:1
LH:0
BRF:0
BRH:0
end_of_record
TN:
SF:app\dashboard\debug\page.tsx
FNF:0
FNH:0
LF:0
LH:0
BRF:0
BRH:0
end_of_record
TN:
SF:app\dashboard\settings\page.tsx
FN:14,SettingsPage
FN:29,(anonymous_1)
FN:33,(anonymous_2)
FN:134,(anonymous_3)
FN:143,(anonymous_4)
FN:154,(anonymous_5)
FN:163,(anonymous_6)
FN:187,(anonymous_7)
FN:197,(anonymous_8)
FN:207,(anonymous_9)
FN:217,(anonymous_10)
FNF:11
FNH:0
FNDA:0,SettingsPage
FNDA:0,(anonymous_1)
FNDA:0,(anonymous_2)
FNDA:0,(anonymous_3)
FNDA:0,(anonymous_4)
FNDA:0,(anonymous_5)
FNDA:0,(anonymous_6)
FNDA:0,(anonymous_7)
FNDA:0,(anonymous_8)
FNDA:0,(anonymous_9)
FNDA:0,(anonymous_10)
DA:15,0
DA:22,0
DA:29,0
DA:30,0
DA:33,0
DA:34,0
DA:35,0
DA:39,0
DA:134,0
DA:143,0
DA:154,0
DA:163,0
DA:187,0
DA:197,0
DA:207,0
DA:217,0
LF:16
LH:0
BRDA:34,0,0,0
BRDA:34,0,1,0
BRF:2
BRH:0
end_of_record
TN:
SF:app\dashboard\sprint-planning\page.tsx
FN:5,SprintPlanningPage
FNF:1
FNH:0
FNDA:0,SprintPlanningPage
DA:6,0
LF:1
LH:0
BRF:0
BRH:0
end_of_record
TN:
SF:app\dashboard\users\loading.tsx
FN:4,UsersLoading
FN:18,(anonymous_1)
FN:34,(anonymous_2)
FN:67,(anonymous_3)
FNF:4
FNH:0
FNDA:0,UsersLoading
FNDA:0,(anonymous_1)
FNDA:0,(anonymous_2)
FNDA:0,(anonymous_3)
DA:5,0
DA:19,0
DA:35,0
DA:68,0
LF:4
LH:0
BRF:0
BRH:0
end_of_record
TN:
SF:components\ui\toaster.tsx
FN:13,Toaster
FN:18,(anonymous_1)
FNF:2
FNH:0
FNDA:0,Toaster
FNDA:0,(anonymous_1)
DA:14,0
DA:16,0
DA:19,0
LF:3
LH:0
BRDA:22,0,0,0
BRDA:22,0,1,0
BRDA:23,1,0,0
BRDA:23,1,1,0
BRF:4
BRH:0
end_of_record
TN:
SF:components\ui\use-mobile.tsx
FN:5,useIsMobile
FN:8,(anonymous_1)
FN:10,(anonymous_2)
FN:15,(anonymous_3)
FNF:4
FNH:0
FNDA:0,useIsMobile
FNDA:0,(anonymous_1)
FNDA:0,(anonymous_2)
FNDA:0,(anonymous_3)
DA:3,0
DA:6,0
DA:8,0
DA:9,0
DA:10,0
DA:11,0
DA:13,0
DA:14,0
DA:15,0
DA:18,0
LF:10
LH:0
BRF:0
BRH:0
end_of_record
TN:
SF:lib\auth.js
FN:14,(anonymous_0)
FN:60,(anonymous_1)
FN:71,(anonymous_2)
FNF:3
FNH:0
FNDA:0,(anonymous_0)
FNDA:0,(anonymous_1)
FNDA:0,(anonymous_2)
DA:6,0
DA:15,0
DA:16,0
DA:19,0
DA:21,0
DA:26,0
DA:27,0
DA:31,0
DA:32,0
DA:33,0
DA:36,0
DA:45,0
DA:46,0
DA:61,0
DA:62,0
DA:63,0
DA:64,0
DA:65,0
DA:66,0
DA:67,0
DA:69,0
DA:72,0
DA:74,0
DA:75,0
DA:80,0
DA:81,0
DA:82,0
DA:83,0
DA:84,0
DA:85,0
DA:86,0
DA:89,0
DA:90,0
DA:91,0
DA:92,0
DA:93,0
DA:94,0
DA:97,0
DA:99,0
DA:100,0
DA:101,0
DA:102,0
DA:103,0
DA:104,0
DA:107,0
LF:45
LH:0
BRDA:15,0,0,0
BRDA:15,0,1,0
BRDA:15,1,0,0
BRDA:15,1,1,0
BRDA:26,2,0,0
BRDA:26,2,1,0
BRDA:32,3,0,0
BRDA:32,3,1,0
BRDA:61,4,0,0
BRDA:61,4,1,0
BRDA:72,5,0,0
BRDA:72,5,1,0
BRDA:80,6,0,0
BRDA:80,6,1,0
BRF:14
BRH:0
end_of_record
TN:
SF:lib\db.js
FN:20,query
FN:31,queryOne
FN:42,transaction
FN:58,testConnection
FN:72,closeConnection
FNF:5
FNH:0
FNDA:0,query
FNDA:0,queryOne
FNDA:0,transaction
FNDA:0,testConnection
FNDA:0,closeConnection
DA:4,0
DA:17,0
DA:21,0
DA:22,0
DA:23,0
DA:25,0
DA:26,0
DA:32,0
DA:33,0
DA:34,0
DA:36,0
DA:37,0
DA:43,0
DA:44,0
DA:45,0
DA:46,0
DA:47,0
DA:48,0
DA:50,0
DA:51,0
DA:53,0
DA:59,0
DA:60,0
DA:61,0
DA:62,0
DA:63,0
DA:64,0
DA:66,0
DA:67,0
DA:73,0
DA:74,0
DA:75,0
DA:77,0
DA:85,0
LF:34
LH:0
BRDA:5,0,0,0
BRDA:5,0,1,0
BRDA:6,1,0,0
BRDA:6,1,1,0
BRDA:7,2,0,0
BRDA:7,2,1,0
BRDA:8,3,0,0
BRDA:8,3,1,0
BRDA:9,4,0,0
BRDA:9,4,1,0
BRDA:20,5,0,0
BRDA:31,6,0,0
BRDA:34,7,0,0
BRDA:34,7,1,0
BRF:14
BRH:0
end_of_record
